{"numFailedTestSuites":0,"numFailedTests":0,"numPassedTestSuites":6,"numPassedTests":64,"numPendingTestSuites":0,"numPendingTests":0,"numRuntimeErrorTestSuites":0,"numTodoTests":0,"numTotalTestSuites":6,"numTotalTests":64,"openHandles":[],"snapshot":{"added":0,"didUpdate":false,"failure":false,"filesAdded":0,"filesRemoved":0,"filesRemovedList":[],"filesUnmatched":0,"filesUpdated":0,"matched":0,"total":0,"unchecked":0,"uncheckedKeysByFile":[],"unmatched":0,"updated":0},"startTime":1753293436647,"success":true,"testResults":[{"assertionResults":[{"ancestorTitles":["User Controller (unit)","register()"],"duration":9,"failureDetails":[],"failureMessages":[],"fullName":"User Controller (unit) register() 400 if missing fields","invocations":1,"location":null,"numPassingAsserts":2,"retryReasons":[],"status":"passed","title":"400 if missing fields"},{"ancestorTitles":["User Controller (unit)","register()"],"duration":0,"failureDetails":[],"failureMessages":[],"fullName":"User Controller (unit) register() 409 if user already exists","invocations":1,"location":null,"numPassingAsserts":3,"retryReasons":[],"status":"passed","title":"409 if user already exists"},{"ancestorTitles":["User Controller (unit)","register()"],"duration":2,"failureDetails":[],"failureMessages":[],"fullName":"User Controller (unit) register() 201 and sends verification email on success","invocations":1,"location":null,"numPassingAsserts":6,"retryReasons":[],"status":"passed","title":"201 and sends verification email on success"},{"ancestorTitles":["User Controller (unit)","register()"],"duration":0,"failureDetails":[],"failureMessages":[],"fullName":"User Controller (unit) register() 500 if bcrypt.hash throws","invocations":1,"location":null,"numPassingAsserts":2,"retryReasons":[],"status":"passed","title":"500 if bcrypt.hash throws"},{"ancestorTitles":["User Controller (unit)","login()"],"duration":1,"failureDetails":[],"failureMessages":[],"fullName":"User Controller (unit) login() 400 if missing credentials","invocations":1,"location":null,"numPassingAsserts":2,"retryReasons":[],"status":"passed","title":"400 if missing credentials"},{"ancestorTitles":["User Controller (unit)","login()"],"duration":0,"failureDetails":[],"failureMessages":[],"fullName":"User Controller (unit) login() 401 if user not found","invocations":1,"location":null,"numPassingAsserts":2,"retryReasons":[],"status":"passed","title":"401 if user not found"},{"ancestorTitles":["User Controller (unit)","login()"],"duration":1,"failureDetails":[],"failureMessages":[],"fullName":"User Controller (unit) login() 403 if user not verified","invocations":1,"location":null,"numPassingAsserts":2,"retryReasons":[],"status":"passed","title":"403 if user not verified"},{"ancestorTitles":["User Controller (unit)","login()"],"duration":0,"failureDetails":[],"failureMessages":[],"fullName":"User Controller (unit) login() 401 if password invalid","invocations":1,"location":null,"numPassingAsserts":3,"retryReasons":[],"status":"passed","title":"401 if password invalid"},{"ancestorTitles":["User Controller (unit)","login()"],"duration":1,"failureDetails":[],"failureMessages":[],"fullName":"User Controller (unit) login() 201 on valid login","invocations":1,"location":null,"numPassingAsserts":2,"retryReasons":[],"status":"passed","title":"201 on valid login"},{"ancestorTitles":["User Controller (unit)","login()"],"duration":0,"failureDetails":[],"failureMessages":[],"fullName":"User Controller (unit) login() 500 if findOne throws","invocations":1,"location":null,"numPassingAsserts":2,"retryReasons":[],"status":"passed","title":"500 if findOne throws"},{"ancestorTitles":["User Controller (unit)","getUser()"],"duration":0,"failureDetails":[],"failureMessages":[],"fullName":"User Controller (unit) getUser() 201 if user found","invocations":1,"location":null,"numPassingAsserts":2,"retryReasons":[],"status":"passed","title":"201 if user found"},{"ancestorTitles":["User Controller (unit)","getUser()"],"duration":1,"failureDetails":[],"failureMessages":[],"fullName":"User Controller (unit) getUser() 404 if not found","invocations":1,"location":null,"numPassingAsserts":2,"retryReasons":[],"status":"passed","title":"404 if not found"},{"ancestorTitles":["User Controller (unit)","getUser()"],"duration":0,"failureDetails":[],"failureMessages":[],"fullName":"User Controller (unit) getUser() 500 on error","invocations":1,"location":null,"numPassingAsserts":2,"retryReasons":[],"status":"passed","title":"500 on error"},{"ancestorTitles":["User Controller (unit)","updateUser()"],"duration":0,"failureDetails":[],"failureMessages":[],"fullName":"User Controller (unit) updateUser() 409 if new email in use","invocations":1,"location":null,"numPassingAsserts":2,"retryReasons":[],"status":"passed","title":"409 if new email in use"},{"ancestorTitles":["User Controller (unit)","updateUser()"],"duration":1,"failureDetails":[],"failureMessages":[],"fullName":"User Controller (unit) updateUser() 404 if user not found","invocations":1,"location":null,"numPassingAsserts":2,"retryReasons":[],"status":"passed","title":"404 if user not found"},{"ancestorTitles":["User Controller (unit)","updateUser()"],"duration":0,"failureDetails":[],"failureMessages":[],"fullName":"User Controller (unit) updateUser() 200 on success","invocations":1,"location":null,"numPassingAsserts":2,"retryReasons":[],"status":"passed","title":"200 on success"},{"ancestorTitles":["User Controller (unit)","updateUser()"],"duration":0,"failureDetails":[],"failureMessages":[],"fullName":"User Controller (unit) updateUser() 500 on error","invocations":1,"location":null,"numPassingAsserts":2,"retryReasons":[],"status":"passed","title":"500 on error"},{"ancestorTitles":["User Controller (unit)","deleteUser()"],"duration":0,"failureDetails":[],"failureMessages":[],"fullName":"User Controller (unit) deleteUser() 404 if user not found","invocations":1,"location":null,"numPassingAsserts":2,"retryReasons":[],"status":"passed","title":"404 if user not found"},{"ancestorTitles":["User Controller (unit)","deleteUser()"],"duration":1,"failureDetails":[],"failureMessages":[],"fullName":"User Controller (unit) deleteUser() 200 on success","invocations":1,"location":null,"numPassingAsserts":2,"retryReasons":[],"status":"passed","title":"200 on success"},{"ancestorTitles":["User Controller (unit)","deleteUser()"],"duration":0,"failureDetails":[],"failureMessages":[],"fullName":"User Controller (unit) deleteUser() 500 on error","invocations":1,"location":null,"numPassingAsserts":2,"retryReasons":[],"status":"passed","title":"500 on error"},{"ancestorTitles":["User Controller (unit)","verifyEmail()"],"duration":0,"failureDetails":[],"failureMessages":[],"fullName":"User Controller (unit) verifyEmail() 400 if invalid/expired token","invocations":1,"location":null,"numPassingAsserts":2,"retryReasons":[],"status":"passed","title":"400 if invalid/expired token"},{"ancestorTitles":["User Controller (unit)","verifyEmail()"],"duration":1,"failureDetails":[],"failureMessages":[],"fullName":"User Controller (unit) verifyEmail() 200 on success","invocations":1,"location":null,"numPassingAsserts":5,"retryReasons":[],"status":"passed","title":"200 on success"},{"ancestorTitles":["User Controller (unit)","verifyEmail()"],"duration":0,"failureDetails":[],"failureMessages":[],"fullName":"User Controller (unit) verifyEmail() 500 on error","invocations":1,"location":null,"numPassingAsserts":2,"retryReasons":[],"status":"passed","title":"500 on error"},{"ancestorTitles":["User Controller (unit)","forgotPassword()"],"duration":0,"failureDetails":[],"failureMessages":[],"fullName":"User Controller (unit) forgotPassword() 400 if no email","invocations":1,"location":null,"numPassingAsserts":2,"retryReasons":[],"status":"passed","title":"400 if no email"},{"ancestorTitles":["User Controller (unit)","forgotPassword()"],"duration":1,"failureDetails":[],"failureMessages":[],"fullName":"User Controller (unit) forgotPassword() 200 even if user not found","invocations":1,"location":null,"numPassingAsserts":2,"retryReasons":[],"status":"passed","title":"200 even if user not found"},{"ancestorTitles":["User Controller (unit)","forgotPassword()"],"duration":1,"failureDetails":[],"failureMessages":[],"fullName":"User Controller (unit) forgotPassword() 200 and sends temp password on success","invocations":1,"location":null,"numPassingAsserts":5,"retryReasons":[],"status":"passed","title":"200 and sends temp password on success"},{"ancestorTitles":["User Controller (unit)","forgotPassword()"],"duration":13,"failureDetails":[],"failureMessages":[],"fullName":"User Controller (unit) forgotPassword() 500 on error","invocations":1,"location":null,"numPassingAsserts":2,"retryReasons":[],"status":"passed","title":"500 on error"},{"ancestorTitles":["User Controller (unit)","addFavorite()"],"duration":0,"failureDetails":[],"failureMessages":[],"fullName":"User Controller (unit) addFavorite() 404 if user not found","invocations":1,"location":null,"numPassingAsserts":2,"retryReasons":[],"status":"passed","title":"404 if user not found"},{"ancestorTitles":["User Controller (unit)","addFavorite()"],"duration":0,"failureDetails":[],"failureMessages":[],"fullName":"User Controller (unit) addFavorite() 200 on success","invocations":1,"location":null,"numPassingAsserts":2,"retryReasons":[],"status":"passed","title":"200 on success"},{"ancestorTitles":["User Controller (unit)","addFavorite()"],"duration":0,"failureDetails":[],"failureMessages":[],"fullName":"User Controller (unit) addFavorite() 500 on error","invocations":1,"location":null,"numPassingAsserts":2,"retryReasons":[],"status":"passed","title":"500 on error"},{"ancestorTitles":["User Controller (unit)","removeFavorite()"],"duration":1,"failureDetails":[],"failureMessages":[],"fullName":"User Controller (unit) removeFavorite() 404 if user not found","invocations":1,"location":null,"numPassingAsserts":2,"retryReasons":[],"status":"passed","title":"404 if user not found"},{"ancestorTitles":["User Controller (unit)","removeFavorite()"],"duration":0,"failureDetails":[],"failureMessages":[],"fullName":"User Controller (unit) removeFavorite() 200 on success","invocations":1,"location":null,"numPassingAsserts":2,"retryReasons":[],"status":"passed","title":"200 on success"},{"ancestorTitles":["User Controller (unit)","removeFavorite()"],"duration":2,"failureDetails":[],"failureMessages":[],"fullName":"User Controller (unit) removeFavorite() 500 on error","invocations":1,"location":null,"numPassingAsserts":2,"retryReasons":[],"status":"passed","title":"500 on error"}],"endTime":1753293437386,"message":"","name":"/Users/yasmeen/Documents/POOS-News-Map/Backend/tests/unit/users.controller.unit.test.mjs","startTime":1753293436747,"status":"passed","summary":""},{"assertionResults":[{"ancestorTitles":["Unit Test - retrieveTeamInfo"],"duration":4,"failureDetails":[],"failureMessages":[],"fullName":"Unit Test - retrieveTeamInfo should return 200 and list of team articles","invocations":1,"location":null,"numPassingAsserts":4,"retryReasons":[],"status":"passed","title":"should return 200 and list of team articles"},{"ancestorTitles":["Unit Test - retrieveTeamInfo"],"duration":1,"failureDetails":[],"failureMessages":[],"fullName":"Unit Test - retrieveTeamInfo should return 500 if DB throws error","invocations":1,"location":null,"numPassingAsserts":2,"retryReasons":[],"status":"passed","title":"should return 500 if DB throws error"}],"endTime":1753293437533,"message":"","name":"/Users/yasmeen/Documents/POOS-News-Map/Backend/tests/unit/team.controller.unit.test.mjs","startTime":1753293436748,"status":"passed","summary":""},{"assertionResults":[{"ancestorTitles":["News Controller Unit Tests","fetchAndStoreNews"],"duration":666,"failureDetails":[],"failureMessages":[],"fullName":"News Controller Unit Tests fetchAndStoreNews should fetch and insert articles into MongoDB","invocations":1,"location":null,"numPassingAsserts":2,"retryReasons":[],"status":"passed","title":"should fetch and insert articles into MongoDB"},{"ancestorTitles":["News Controller Unit Tests","fetchAndStoreNews"],"duration":193,"failureDetails":[],"failureMessages":[],"fullName":"News Controller Unit Tests fetchAndStoreNews should handle errors in insertMany gracefully","invocations":1,"location":null,"numPassingAsserts":2,"retryReasons":[],"status":"passed","title":"should handle errors in insertMany gracefully"},{"ancestorTitles":["News Controller Unit Tests","showDaily"],"duration":2,"failureDetails":[],"failureMessages":[],"fullName":"News Controller Unit Tests showDaily should return all articles","invocations":1,"location":null,"numPassingAsserts":2,"retryReasons":[],"status":"passed","title":"should return all articles"},{"ancestorTitles":["News Controller Unit Tests","showDaily"],"duration":1,"failureDetails":[],"failureMessages":[],"fullName":"News Controller Unit Tests showDaily should return 500 on error","invocations":1,"location":null,"numPassingAsserts":2,"retryReasons":[],"status":"passed","title":"should return 500 on error"},{"ancestorTitles":["News Controller Unit Tests","searchByCountry"],"duration":1,"failureDetails":[],"failureMessages":[],"fullName":"News Controller Unit Tests searchByCountry should return filtered articles by country","invocations":1,"location":null,"numPassingAsserts":2,"retryReasons":[],"status":"passed","title":"should return filtered articles by country"},{"ancestorTitles":["News Controller Unit Tests","searchByCountry"],"duration":1,"failureDetails":[],"failureMessages":[],"fullName":"News Controller Unit Tests searchByCountry should return 500 on find error","invocations":1,"location":null,"numPassingAsserts":2,"retryReasons":[],"status":"passed","title":"should return 500 on find error"},{"ancestorTitles":["News Controller Unit Tests","getCountryFromCoordinates"],"duration":1,"failureDetails":[],"failureMessages":[],"fullName":"News Controller Unit Tests getCountryFromCoordinates should return a country name from coordinates","invocations":1,"location":null,"numPassingAsserts":1,"retryReasons":[],"status":"passed","title":"should return a country name from coordinates"},{"ancestorTitles":["News Controller Unit Tests","getCountryFromCoordinates"],"duration":0,"failureDetails":[],"failureMessages":[],"fullName":"News Controller Unit Tests getCountryFromCoordinates should return null when country is not found","invocations":1,"location":null,"numPassingAsserts":1,"retryReasons":[],"status":"passed","title":"should return null when country is not found"},{"ancestorTitles":["News Controller Unit Tests","getCountryFromCoordinates"],"duration":1,"failureDetails":[],"failureMessages":[],"fullName":"News Controller Unit Tests getCountryFromCoordinates should return 500 on fetch error","invocations":1,"location":null,"numPassingAsserts":2,"retryReasons":[],"status":"passed","title":"should return 500 on fetch error"}],"endTime":1753293438393,"message":"","name":"/Users/yasmeen/Documents/POOS-News-Map/Backend/tests/unit/news.controller.unit.test.mjs","startTime":1753293436747,"status":"passed","summary":""},{"assertionResults":[{"ancestorTitles":["Integration Test - retrieveTeamInfo"],"duration":129,"failureDetails":[],"failureMessages":[],"fullName":"Integration Test - retrieveTeamInfo should return 200 and inserted team documents","invocations":1,"location":null,"numPassingAsserts":2,"retryReasons":[],"status":"passed","title":"should return 200 and inserted team documents"},{"ancestorTitles":["Integration Test - retrieveTeamInfo"],"duration":7,"failureDetails":[],"failureMessages":[],"fullName":"Integration Test - retrieveTeamInfo should return 500 if DB is inaccessible","invocations":1,"location":null,"numPassingAsserts":2,"retryReasons":[],"status":"passed","title":"should return 500 if DB is inaccessible"}],"endTime":1753293439559,"message":"","name":"/Users/yasmeen/Documents/POOS-News-Map/Backend/tests/integration/team.controller.int.test.mjs","startTime":1753293436747,"status":"passed","summary":""},{"assertionResults":[{"ancestorTitles":["News Controller Integration Tests"],"duration":151,"failureDetails":[],"failureMessages":[],"fullName":"News Controller Integration Tests should fetch news and insert into MongoDB","invocations":1,"location":null,"numPassingAsserts":1,"retryReasons":[],"status":"passed","title":"should fetch news and insert into MongoDB"},{"ancestorTitles":["News Controller Integration Tests"],"duration":28,"failureDetails":[],"failureMessages":[],"fullName":"News Controller Integration Tests should return all articles with showDaily()","invocations":1,"location":null,"numPassingAsserts":2,"retryReasons":[],"status":"passed","title":"should return all articles with showDaily()"},{"ancestorTitles":["News Controller Integration Tests"],"duration":1,"failureDetails":[],"failureMessages":[],"fullName":"News Controller Integration Tests should return 500 in showDaily() on DB error","invocations":1,"location":null,"numPassingAsserts":2,"retryReasons":[],"status":"passed","title":"should return 500 in showDaily() on DB error"},{"ancestorTitles":["News Controller Integration Tests"],"duration":23,"failureDetails":[],"failureMessages":[],"fullName":"News Controller Integration Tests should return articles by country in searchByCountry()","invocations":1,"location":null,"numPassingAsserts":2,"retryReasons":[],"status":"passed","title":"should return articles by country in searchByCountry()"},{"ancestorTitles":["News Controller Integration Tests"],"duration":1,"failureDetails":[],"failureMessages":[],"fullName":"News Controller Integration Tests should return 500 in searchByCountry() on DB error","invocations":1,"location":null,"numPassingAsserts":2,"retryReasons":[],"status":"passed","title":"should return 500 in searchByCountry() on DB error"},{"ancestorTitles":["News Controller Integration Tests"],"duration":5,"failureDetails":[],"failureMessages":[],"fullName":"News Controller Integration Tests should return country from coordinates","invocations":1,"location":null,"numPassingAsserts":1,"retryReasons":[],"status":"passed","title":"should return country from coordinates"},{"ancestorTitles":["News Controller Integration Tests"],"duration":3,"failureDetails":[],"failureMessages":[],"fullName":"News Controller Integration Tests should return null when no country found","invocations":1,"location":null,"numPassingAsserts":1,"retryReasons":[],"status":"passed","title":"should return null when no country found"},{"ancestorTitles":["News Controller Integration Tests"],"duration":3,"failureDetails":[],"failureMessages":[],"fullName":"News Controller Integration Tests should return 500 on reverse geocoding error","invocations":1,"location":null,"numPassingAsserts":2,"retryReasons":[],"status":"passed","title":"should return 500 on reverse geocoding error"}],"endTime":1753293439633,"message":"","name":"/Users/yasmeen/Documents/POOS-News-Map/Backend/tests/integration/news.controller.int.test.mjs","startTime":1753293436749,"status":"passed","summary":""},{"assertionResults":[{"ancestorTitles":["Users API integration"],"duration":122,"failureDetails":[],"failureMessages":[],"fullName":"Users API integration should register a new user","invocations":1,"location":null,"numPassingAsserts":3,"retryReasons":[],"status":"passed","title":"should register a new user"},{"ancestorTitles":["Users API integration"],"duration":4,"failureDetails":[],"failureMessages":[],"fullName":"Users API integration should not allow duplicate registration","invocations":1,"location":null,"numPassingAsserts":1,"retryReasons":[],"status":"passed","title":"should not allow duplicate registration"},{"ancestorTitles":["Users API integration"],"duration":7,"failureDetails":[],"failureMessages":[],"fullName":"Users API integration should verify email","invocations":1,"location":null,"numPassingAsserts":2,"retryReasons":[],"status":"passed","title":"should verify email"},{"ancestorTitles":["Users API integration"],"duration":69,"failureDetails":[],"failureMessages":[],"fullName":"Users API integration should login with correct credentials","invocations":1,"location":null,"numPassingAsserts":2,"retryReasons":[],"status":"passed","title":"should login with correct credentials"},{"ancestorTitles":["Users API integration"],"duration":3,"failureDetails":[],"failureMessages":[],"fullName":"Users API integration should get user details","invocations":1,"location":null,"numPassingAsserts":2,"retryReasons":[],"status":"passed","title":"should get user details"},{"ancestorTitles":["Users API integration"],"duration":4,"failureDetails":[],"failureMessages":[],"fullName":"Users API integration should update user","invocations":1,"location":null,"numPassingAsserts":2,"retryReasons":[],"status":"passed","title":"should update user"},{"ancestorTitles":["Users API integration"],"duration":3,"failureDetails":[],"failureMessages":[],"fullName":"Users API integration should add a favorite article","invocations":1,"location":null,"numPassingAsserts":2,"retryReasons":[],"status":"passed","title":"should add a favorite article"},{"ancestorTitles":["Users API integration"],"duration":3,"failureDetails":[],"failureMessages":[],"fullName":"Users API integration should remove a favorite article","invocations":1,"location":null,"numPassingAsserts":2,"retryReasons":[],"status":"passed","title":"should remove a favorite article"},{"ancestorTitles":["Users API integration"],"duration":71,"failureDetails":[],"failureMessages":[],"fullName":"Users API integration should send forgot password email","invocations":1,"location":null,"numPassingAsserts":2,"retryReasons":[],"status":"passed","title":"should send forgot password email"},{"ancestorTitles":["Users API integration"],"duration":3,"failureDetails":[],"failureMessages":[],"fullName":"Users API integration should delete user","invocations":1,"location":null,"numPassingAsserts":2,"retryReasons":[],"status":"passed","title":"should delete user"}],"endTime":1753293439676,"message":"","name":"/Users/yasmeen/Documents/POOS-News-Map/Backend/tests/integration/users.controller.int.test.mjs","startTime":1753293436747,"status":"passed","summary":""}],"wasInterrupted":false}
